
2025/02/12 (04:19:57) | ===> btop++ v.1.4.0
2025/02/12 (04:19:57) | WARNING: Intel GPU: Failed to initialize PMU

2025/02/16 (15:33:40) | ===> btop++ v.1.4.0
2025/02/16 (15:33:40) | WARNING: Intel GPU: Failed to initialize PMU

2025/02/16 (15:33:52) | ===> btop++ v.1.4.0
2025/02/16 (15:33:52) | WARNING: Intel GPU: Failed to initialize PMU
2025/02/16 (16:07:28) | WARNING: Failed to join _runner thread on exit!

2025/02/16 (16:07:32) | ===> btop++ v.1.4.0
2025/02/16 (16:07:32) | WARNING: Intel GPU: Failed to initialize PMU

2025/02/16 (19:52:27) | ===> btop++ v.1.4.0
2025/02/16 (19:52:27) | WARNING: Intel GPU: Failed to initialize PMU

2025/02/16 (20:09:13) | ===> btop++ v.1.4.0
2025/02/16 (20:09:13) | WARNING: Intel GPU: Failed to initialize PMU

2025/02/17 (05:42:02) | ===> btop++ v.1.4.0
2025/02/17 (05:42:02) | WARNING: Intel GPU: Failed to initialize PMU

2025/02/17 (06:00:54) | ===> btop++ v.1.4.0
2025/02/17 (06:00:54) | WARNING: Intel GPU: Failed to initialize PMU

2025/02/17 (06:05:38) | ===> btop++ v.1.4.0
2025/02/17 (06:05:38) | WARNING: Intel GPU: Failed to initialize PMU

2025/02/17 (06:06:43) | ===> btop++ v.1.4.0
2025/02/17 (06:06:43) | WARNING: Intel GPU: Failed to initialize PMU

2025/02/17 (10:11:52) | ===> btop++ v.1.4.0
2025/02/17 (10:11:52) | WARNING: Intel GPU: Failed to initialize PMU

2025/02/17 (13:45:04) | ===> btop++ v.1.4.0
2025/02/17 (13:45:04) | WARNING: Intel GPU: Failed to initialize PMU

2025/02/17 (14:20:02) | ===> btop++ v.1.4.0
2025/02/17 (14:20:02) | WARNING: Intel GPU: Failed to initialize PMU

2025/02/17 (14:27:19) | ===> btop++ v.1.4.0
2025/02/17 (14:27:19) | WARNING: Intel GPU: Failed to initialize PMU

2025/02/17 (14:29:24) | ===> btop++ v.1.4.0
2025/02/17 (14:29:24) | WARNING: Intel GPU: Failed to initialize PMU

2025/02/17 (14:32:17) | ===> btop++ v.1.4.0
2025/02/17 (14:32:17) | WARNING: Intel GPU: Failed to initialize PMU

2025/02/18 (11:26:19) | ===> btop++ v.1.4.0
2025/02/18 (11:26:19) | WARNING: Intel GPU: Failed to initialize PMU

2025/02/18 (11:27:23) | ===> btop++ v.1.4.0
2025/02/18 (11:27:23) | WARNING: Intel GPU: Failed to initialize PMU

2025/02/19 (17:39:54) | ===> btop++ v.1.4.0
2025/02/19 (17:39:54) | WARNING: Intel GPU: Failed to initialize PMU

2025/02/19 (20:27:29) | ===> btop++ v.1.4.0
2025/02/19 (20:27:29) | WARNING: Intel GPU: Failed to initialize PMU

2025/02/19 (20:50:57) | ===> btop++ v.1.4.0
2025/02/19 (20:50:57) | WARNING: Intel GPU: Failed to initialize PMU

2025/02/19 (21:24:30) | ===> btop++ v.1.4.0
2025/02/19 (21:24:30) | WARNING: Intel GPU: Failed to initialize PMU

2025/02/20 (05:38:20) | ===> btop++ v.1.4.0
2025/02/20 (05:38:20) | WARNING: Intel GPU: Failed to initialize PMU

2025/02/20 (05:43:33) | ===> btop++ v.1.4.0
2025/02/20 (05:43:33) | WARNING: Intel GPU: Failed to initialize PMU
2025/02/20 (06:46:08) | ERROR: Couldn't determine terminal size of "STDOUT_FILENO"!
2025/02/20 (06:46:08) | ERROR: Couldn't determine terminal size of "/dev/tty"!

2025/02/20 (11:03:50) | ===> btop++ v.1.4.0
2025/02/20 (11:03:50) | WARNING: Intel GPU: Failed to initialize PMU

2025/02/20 (11:18:56) | ===> btop++ v.1.4.0
2025/02/20 (11:18:56) | WARNING: Intel GPU: Failed to initialize PMU

2025/02/20 (16:42:49) | ===> btop++ v.1.4.0
2025/02/20 (16:42:49) | WARNING: Intel GPU: Failed to initialize PMU

2025/02/27 (21:19:51) | ===> btop++ v.1.4.0
2025/02/27 (21:19:51) | WARNING: Intel GPU: Failed to initialize PMU

2025/02/28 (20:19:36) | ===> btop++ v.1.4.0
2025/02/28 (20:19:36) | WARNING: Intel GPU: Failed to initialize PMU

2025/03/01 (16:36:16) | ===> btop++ v.1.4.0
2025/03/01 (16:36:16) | WARNING: Intel GPU: Failed to initialize PMU

2025/03/02 (13:11:39) | ===> btop++ v.1.4.0
2025/03/02 (13:11:39) | WARNING: Intel GPU: Failed to initialize PMU

2025/03/03 (07:55:38) | ===> btop++ v.1.4.0
2025/03/03 (07:55:38) | WARNING: Intel GPU: Failed to initialize PMU

2025/03/03 (12:28:12) | ===> btop++ v.1.4.0
2025/03/03 (12:28:12) | WARNING: Intel GPU: Failed to initialize PMU

2025/03/03 (12:53:52) | ===> btop++ v.1.4.0
2025/03/03 (12:53:52) | WARNING: Intel GPU: Failed to initialize PMU

2025/03/03 (12:58:10) | ===> btop++ v.1.4.0
2025/03/03 (12:58:10) | WARNING: Intel GPU: Failed to initialize PMU

2025/03/03 (12:58:54) | ===> btop++ v.1.4.0
2025/03/03 (12:58:54) | WARNING: Intel GPU: Failed to initialize PMU

2025/03/03 (20:20:57) | ===> btop++ v.1.4.0
2025/03/03 (20:20:57) | WARNING: Intel GPU: Failed to initialize PMU

2025/03/04 (21:41:51) | ===> btop++ v.1.4.0
2025/03/04 (21:41:51) | WARNING: Intel GPU: Failed to initialize PMU

2025/03/05 (15:53:47) | ===> btop++ v.1.4.0
2025/03/05 (15:53:47) | WARNING: Intel GPU: Failed to initialize PMU

2025/03/05 (15:55:39) | ===> btop++ v.1.4.0
2025/03/05 (15:55:39) | WARNING: Intel GPU: Failed to initialize PMU

2025/03/05 (16:06:55) | ===> btop++ v.1.4.0
2025/03/05 (16:06:55) | WARNING: Intel GPU: Failed to initialize PMU

2025/03/05 (16:07:16) | ===> btop++ v.1.4.0
2025/03/05 (16:07:16) | WARNING: Intel GPU: Failed to initialize PMU

2025/03/05 (17:30:28) | ===> btop++ v.1.4.0
2025/03/05 (17:30:28) | WARNING: Intel GPU: Failed to initialize PMU

2025/03/05 (17:36:46) | ===> btop++ v.1.4.0
2025/03/05 (17:36:46) | WARNING: Intel GPU: Failed to initialize PMU

2025/03/05 (22:05:38) | ===> btop++ v.1.4.0
2025/03/05 (22:05:38) | WARNING: Intel GPU: Failed to initialize PMU

2025/03/06 (08:30:04) | ===> btop++ v.1.4.0
2025/03/06 (08:30:04) | WARNING: Intel GPU: Failed to initialize PMU

2025/03/06 (08:39:19) | ===> btop++ v.1.4.0
2025/03/06 (08:39:19) | WARNING: Intel GPU: Failed to initialize PMU

2025/03/06 (09:24:26) | ===> btop++ v.1.4.0
2025/03/06 (09:24:26) | WARNING: Intel GPU: Failed to initialize PMU

2025/03/06 (14:54:20) | ===> btop++ v.1.4.0
2025/03/06 (14:54:20) | WARNING: Intel GPU: Failed to initialize PMU

2025/03/06 (15:04:24) | ===> btop++ v.1.4.0
2025/03/06 (15:04:24) | WARNING: Intel GPU: Failed to initialize PMU

2025/03/06 (23:09:04) | ===> btop++ v.1.4.0
2025/03/06 (23:09:04) | WARNING: Intel GPU: Failed to initialize PMU

2025/03/07 (05:56:45) | ===> btop++ v.1.4.0
2025/03/07 (05:56:45) | WARNING: Intel GPU: Failed to initialize PMU

2025/03/07 (08:59:17) | ===> btop++ v.1.4.0
2025/03/07 (08:59:17) | WARNING: Intel GPU: Failed to initialize PMU

2025/03/09 (08:01:33) | ===> btop++ v.1.4.0
2025/03/09 (08:01:33) | WARNING: Intel GPU: Failed to initialize PMU

2025/03/10 (08:37:33) | ===> btop++ v.1.4.0
2025/03/10 (08:37:33) | WARNING: Intel GPU: Failed to initialize PMU

2025/03/11 (07:33:33) | ===> btop++ v.1.4.0
2025/03/11 (07:33:33) | WARNING: Intel GPU: Failed to initialize PMU

2025/03/11 (09:41:54) | ===> btop++ v.1.4.0
2025/03/11 (09:41:54) | WARNING: Intel GPU: Failed to initialize PMU

2025/03/12 (06:38:58) | ===> btop++ v.1.4.0
2025/03/12 (06:38:58) | WARNING: Intel GPU: Failed to initialize PMU

2025/03/12 (09:02:05) | ===> btop++ v.1.4.0
2025/03/12 (09:02:05) | WARNING: Intel GPU: Failed to initialize PMU

2025/03/12 (10:07:47) | ===> btop++ v.1.4.0
2025/03/12 (10:07:47) | WARNING: Intel GPU: Failed to initialize PMU

2025/03/13 (16:03:07) | ===> btop++ v.1.4.0
2025/03/13 (16:03:07) | WARNING: Intel GPU: Failed to initialize PMU

2025/03/13 (16:03:41) | ===> btop++ v.1.4.0
2025/03/13 (16:03:41) | WARNING: Intel GPU: Failed to initialize PMU

2025/03/14 (23:09:28) | ===> btop++ v.1.4.0
2025/03/14 (23:09:28) | WARNING: Intel GPU: Failed to initialize PMU

2025/03/22 (12:39:34) | ===> btop++ v.1.4.0
2025/03/22 (12:39:34) | WARNING: Intel GPU: Failed to initialize PMU

2025/03/25 (14:45:06) | ===> btop++ v.1.4.0
2025/03/25 (14:45:06) | WARNING: Intel GPU: Failed to initialize PMU

2025/03/26 (07:35:57) | ===> btop++ v.1.4.0
2025/03/26 (07:35:57) | WARNING: Intel GPU: Failed to initialize PMU

2025/03/26 (18:49:41) | ===> btop++ v.1.4.0
2025/03/26 (18:49:41) | WARNING: Intel GPU: Failed to initialize PMU

2025/03/26 (21:50:49) | ===> btop++ v.1.4.0
2025/03/26 (21:50:49) | WARNING: Intel GPU: Failed to initialize PMU

2025/04/02 (07:28:01) | ===> btop++ v.1.4.0
2025/04/02 (07:28:01) | WARNING: Intel GPU: Failed to initialize PMU

2025/04/02 (21:48:15) | ===> btop++ v.1.4.0
2025/04/02 (21:48:15) | WARNING: Intel GPU: Failed to initialize PMU

2025/04/02 (22:11:25) | ===> btop++ v.1.4.0
2025/04/02 (22:11:25) | WARNING: Intel GPU: Failed to initialize PMU

2025/04/02 (23:42:58) | ===> btop++ v.1.4.0
2025/04/02 (23:42:58) | WARNING: Intel GPU: Failed to initialize PMU

2025/04/02 (23:48:01) | ===> btop++ v.1.4.0
2025/04/02 (23:48:01) | WARNING: Intel GPU: Failed to initialize PMU

2025/04/03 (05:40:49) | ===> btop++ v.1.4.0
2025/04/03 (05:40:49) | WARNING: Intel GPU: Failed to initialize PMU

2025/04/07 (22:48:52) | ===> btop++ v.1.4.0
2025/04/07 (22:48:52) | WARNING: Intel GPU: Failed to initialize PMU

2025/04/08 (07:58:56) | ===> btop++ v.1.4.0
2025/04/08 (07:58:56) | WARNING: Intel GPU: Failed to initialize PMU

2025/04/08 (08:01:18) | ===> btop++ v.1.4.0
2025/04/08 (08:01:18) | WARNING: Intel GPU: Failed to initialize PMU

2025/04/08 (23:16:12) | ===> btop++ v.1.4.0
2025/04/08 (23:16:12) | WARNING: Intel GPU: Failed to initialize PMU

2025/04/09 (07:07:49) | ===> btop++ v.1.4.0
2025/04/09 (07:07:49) | WARNING: Intel GPU: Failed to initialize PMU

2025/04/09 (17:29:09) | ===> btop++ v.1.4.0
2025/04/09 (17:29:09) | WARNING: Intel GPU: Failed to initialize PMU

2025/04/09 (18:59:50) | ===> btop++ v.1.4.0
2025/04/09 (18:59:50) | WARNING: Intel GPU: Failed to initialize PMU

2025/04/11 (14:41:37) | ===> btop++ v.1.4.0
2025/04/11 (14:41:37) | WARNING: Intel GPU: Failed to initialize PMU

2025/04/11 (14:44:12) | ===> btop++ v.1.4.0
2025/04/11 (14:44:12) | WARNING: Intel GPU: Failed to initialize PMU

2025/04/11 (14:48:45) | ===> btop++ v.1.4.0
2025/04/11 (14:48:45) | WARNING: Intel GPU: Failed to initialize PMU

2025/04/16 (14:49:21) | ===> btop++ v.1.4.0
2025/04/16 (14:49:21) | WARNING: Intel GPU: Failed to initialize PMU

2025/04/20 (14:48:42) | ===> btop++ v.1.4.0
2025/04/20 (14:48:42) | WARNING: Intel GPU: Failed to initialize PMU

2025/04/24 (10:18:13) | ===> btop++ v.1.4.0
2025/04/24 (10:18:13) | WARNING: Intel GPU: Failed to initialize PMU

2025/04/26 (22:24:17) | ===> btop++ v.1.4.0
2025/04/26 (22:24:17) | WARNING: Intel GPU: Failed to initialize PMU

2025/04/26 (22:24:54) | ===> btop++ v.1.4.0
2025/04/26 (22:24:54) | WARNING: Intel GPU: Failed to initialize PMU

2025/05/01 (06:19:03) | ===> btop++ v.1.4.0
2025/05/01 (06:19:03) | WARNING: Intel GPU: Failed to initialize PMU
